<?xml version="1.0" encoding="UTF-8" ?>
<testsuite tests="1" failures="0" name="ec.edu.epn.obtenerCliente.IBaseClienteTest" time="0.125" errors="0" skipped="0">
  <properties>
    <property name="java.vendor" value="Eclipse OpenJ9"/>
    <property name="sun.java.launcher" value="SUN_STANDARD"/>
    <property name="os.name" value="Linux"/>
    <property name="sun.boot.class.path" value="/home/vicmai/.jdks/adopt-openj9-1.8.0_275/jre/lib/amd64/compressedrefs/jclSC180/vm.jar:/home/vicmai/.jdks/adopt-openj9-1.8.0_275/jre/lib/se-service.jar:/home/vicmai/.jdks/adopt-openj9-1.8.0_275/jre/lib/rt.jar:/home/vicmai/.jdks/adopt-openj9-1.8.0_275/jre/lib/resources.jar:/home/vicmai/.jdks/adopt-openj9-1.8.0_275/jre/lib/jsse.jar:/home/vicmai/.jdks/adopt-openj9-1.8.0_275/jre/lib/charsets.jar:/home/vicmai/.jdks/adopt-openj9-1.8.0_275/jre/lib/jce.jar"/>
    <property name="sun.desktop" value="gnome"/>
    <property name="java.vm.specification.vendor" value="Oracle Corporation"/>
    <property name="java.runtime.version" value="1.8.0_275-b01"/>
    <property name="user.name" value="vicmai"/>
    <property name="java.compiler" value="j9jit29"/>
    <property name="os.encoding" value="UTF-8"/>
    <property name="guice.disable.misplaced.annotation.check" value="true"/>
    <property name="com.ibm.util.extralibs.properties" value=""/>
    <property name="com.ibm.jcl.checkClassPath" value=""/>
    <property name="user.language" value="es"/>
    <property name="com.ibm.oti.vm.bootstrap.library.path" value="/home/vicmai/.jdks/adopt-openj9-1.8.0_275/jre/lib/amd64/compressedrefs:/home/vicmai/.jdks/adopt-openj9-1.8.0_275/jre/lib/amd64"/>
    <property name="idea.version" value="2020.3.1"/>
    <property name="sun.boot.library.path" value="/home/vicmai/.jdks/adopt-openj9-1.8.0_275/jre/lib/amd64/compressedrefs:/home/vicmai/.jdks/adopt-openj9-1.8.0_275/jre/lib/amd64"/>
    <property name="classworlds.conf" value="/snap/intellij-idea-community/270/plugins/maven/lib/maven3/bin/m2.conf"/>
    <property name="jdk.extensions.version" value="8.0.275.0"/>
    <property name="java.version" value="1.8.0_275"/>
    <property name="user.timezone" value="America/Guayaquil"/>
    <property name="com.ibm.system.agent.path" value="/home/vicmai/.jdks/adopt-openj9-1.8.0_275/jre/lib/amd64"/>
    <property name="sun.arch.data.model" value="64"/>
    <property name="com.ibm.zero.version" value="2"/>
    <property name="java.endorsed.dirs" value="/home/vicmai/.jdks/adopt-openj9-1.8.0_275/jre/lib/endorsed"/>
    <property name="com.ibm.oti.vm.library.version" value="29"/>
    <property name="sun.jnu.encoding" value="UTF-8"/>
    <property name="file.encoding.pkg" value="sun.io"/>
    <property name="file.separator" value="/"/>
    <property name="java.specification.name" value="Java Platform API Specification"/>
    <property name="maven.conf" value="/snap/intellij-idea-community/270/plugins/maven/lib/maven3/conf"/>
    <property name="java.class.version" value="52.0"/>
    <property name="user.country" value="EC"/>
    <property name="securerandom.source" value="file:/dev/./urandom"/>
    <property name="java.home" value="/home/vicmai/.jdks/adopt-openj9-1.8.0_275/jre"/>
    <property name="java.vm.info" value="JRE 1.8.0 Linux amd64-64-Bit Compressed References 20201110_845 (JIT enabled, AOT enabled)
OpenJ9   - 0394ef754
OMR      - 582366ae5
JCL      - b52d2ff7ee based on jdk8u275-b01"/>
    <property name="os.version" value="5.4.0-62-generic"/>
    <property name="java.awt.fonts" value=""/>
    <property name="path.separator" value=":"/>
    <property name="java.vm.version" value="openj9-0.23.0"/>
    <property name="user.variant" value=""/>
    <property name="maven.ext.class.path" value="/snap/intellij-idea-community/270/plugins/maven/lib/maven-event-listener.jar"/>
    <property name="java.awt.printerjob" value="sun.print.PSPrinterJob"/>
    <property name="jdk.extensions.name" value="Extensions for OpenJDK for Eclipse OpenJ9"/>
    <property name="sun.io.unicode.encoding" value="UnicodeLittle"/>
    <property name="awt.toolkit" value="sun.awt.X11.XToolkit"/>
    <property name="ibm.signalhandling.sigint" value="true"/>
    <property name="user.home" value="/home/vicmai"/>
    <property name="com.ibm.cpu.endian" value="little"/>
    <property name="java.specification.vendor" value="Oracle Corporation"/>
    <property name="ibm.signalhandling.sigchain" value="true"/>
    <property name="java.library.path" value="/home/vicmai/.jdks/adopt-openj9-1.8.0_275/jre/lib/amd64/compressedrefs:/home/vicmai/.jdks/adopt-openj9-1.8.0_275/jre/lib/amd64:/usr/lib64:/usr/lib"/>
    <property name="java.vendor.url" value="http://www.eclipse.org/openj9"/>
    <property name="java.vm.vendor" value="Eclipse OpenJ9"/>
    <property name="java.fullversion" value="1.8.0_275-b01
JRE 1.8.0 Linux amd64-64-Bit Compressed References 20201110_845 (JIT enabled, AOT enabled)
OpenJ9   - 0394ef754
OMR      - 582366ae5
JCL      - b52d2ff7ee based on jdk8u275-b01"/>
    <property name="maven.home" value="/snap/intellij-idea-community/270/plugins/maven/lib/maven3"/>
    <property name="java.runtime.name" value="OpenJDK Runtime Environment"/>
    <property name="sun.java.command" value="org.codehaus.classworlds.Launcher -Didea.version=2020.3.1 package"/>
    <property name="java.class.path" value="/snap/intellij-idea-community/270/plugins/maven/lib/maven3/boot/plexus-classworlds-2.6.0.jar:/snap/intellij-idea-community/270/plugins/maven/lib/maven3/boot/plexus-classworlds.license:/snap/intellij-idea-community/270/lib/idea_rt.jar:/snap/intellij-idea-community/270/lib/idea_rt.jar"/>
    <property name="java.vm.specification.name" value="Java Virtual Machine Specification"/>
    <property name="sun.java.launcher.pid" value="8268"/>
    <property name="java.vm.specification.version" value="1.8"/>
    <property name="sun.cpu.endian" value="little"/>
    <property name="java.io.tmpdir" value="/tmp"/>
    <property name="maven.multiModuleProjectDirectory" value="/home/vicmai/IdeaProjects/Floricola"/>
    <property name="ibm.system.encoding" value="UTF-8"/>
    <property name="os.arch" value="amd64"/>
    <property name="java.awt.graphicsenv" value="sun.awt.X11GraphicsEnvironment"/>
    <property name="ibm.signalhandling.rs" value="false"/>
    <property name="java.ext.dirs" value="/home/vicmai/.jdks/adopt-openj9-1.8.0_275/jre/lib/ext"/>
    <property name="user.dir" value="/home/vicmai/IdeaProjects/Floricola"/>
    <property name="line.separator" value="
"/>
    <property name="java.vm.name" value="Eclipse OpenJ9 VM"/>
    <property name="com.ibm.oti.shared.enabled" value="false"/>
    <property name="com.ibm.vm.bitmode" value="64"/>
    <property name="file.encoding" value="UTF-8"/>
    <property name="com.ibm.oti.configuration" value="scar"/>
    <property name="java.specification.version" value="1.8"/>
  </properties>
  <testcase classname="ec.edu.epn.obtenerCliente.IBaseClienteTest" name="given_an_id_when_request_client_then_exception" time="0.125"/>
</testsuite>